<?xml version="1.0" encoding="UTF-8"?>
<testng-results skipped="0" failed="0" ignored="0" total="3" passed="3">
  <reporter-output>
  </reporter-output>
  <suite name="Demo PFS Test Suite" duration-ms="14927" started-at="2020-03-01T06:36:09Z" finished-at="2020-03-01T06:36:24Z">
    <groups>
    </groups>
    <test name="PFS Test Cases" duration-ms="14927" started-at="2020-03-01T06:36:09Z" finished-at="2020-03-01T06:36:24Z">
      <class name="testCases.LoginTestCase">
        <test-method status="PASS" signature="setUp()[pri:0, instance:testCases.LoginTestCase@5e3a8624]" name="setUp" is-config="true" duration-ms="4433" started-at="2020-03-01T12:06:09Z" finished-at="2020-03-01T12:06:13Z">
          <reporter-output>
          </reporter-output>
        </test-method> <!-- setUp -->
        <test-method status="PASS" signature="launchUrl()[pri:0, instance:testCases.LoginTestCase@5e3a8624]" name="launchUrl" duration-ms="8668" started-at="2020-03-01T12:06:13Z" finished-at="2020-03-01T12:06:22Z">
          <reporter-output>
          </reporter-output>
        </test-method> <!-- launchUrl -->
        <test-method status="PASS" signature="login()[pri:1, instance:testCases.LoginTestCase@5e3a8624]" name="login" duration-ms="881" started-at="2020-03-01T12:06:22Z" finished-at="2020-03-01T12:06:23Z">
          <reporter-output>
          </reporter-output>
        </test-method> <!-- login -->
        <test-method status="PASS" signature="validateTitle()[pri:2, instance:testCases.LoginTestCase@5e3a8624]" name="validateTitle" duration-ms="19" started-at="2020-03-01T12:06:23Z" finished-at="2020-03-01T12:06:23Z">
          <reporter-output>
          </reporter-output>
        </test-method> <!-- validateTitle -->
        <test-method status="PASS" signature="tearDown()[pri:0, instance:testCases.LoginTestCase@5e3a8624]" name="tearDown" is-config="true" duration-ms="914" started-at="2020-03-01T12:06:23Z" finished-at="2020-03-01T12:06:24Z">
          <reporter-output>
          </reporter-output>
        </test-method> <!-- tearDown -->
      </class> <!-- testCases.LoginTestCase -->
    </test> <!-- PFS Test Cases -->
  </suite> <!-- Demo PFS Test Suite -->
</testng-results>
