<?xml version="1.0" encoding="UTF-8"?>
<!-- Generated by org.testng.reporters.JUnitXMLReporter -->
<testsuite hostname="DESKTOP-RJ3T7JI" ignored="0" name="Default test" tests="3" failures="0" timestamp="29 Feb 2020 12:42:38 GMT" time="15.555" errors="0">
  <testcase name="launchUrl" time="9.858" classname="testCases.LoginTestCase"/>
  <testcase name="login" time="0.788" classname="testCases.LoginTestCase"/>
  <testcase name="validateTitle" time="0.033" classname="testCases.LoginTestCase"/>
</testsuite> <!-- Default test -->
