<?xml version="1.0" encoding="UTF-8"?>
<!-- Generated by org.testng.reporters.JUnitXMLReporter -->
<testsuite hostname="DESKTOP-RJ3T7JI" ignored="0" name="PFS Test Cases" tests="3" failures="0" timestamp="01 Mar 2020 06:36:24 GMT" time="14.927" errors="0">
  <testcase name="launchUrl" time="8.668" classname="testCases.LoginTestCase"/>
  <testcase name="login" time="0.881" classname="testCases.LoginTestCase"/>
  <testcase name="validateTitle" time="0.019" classname="testCases.LoginTestCase"/>
</testsuite> <!-- PFS Test Cases -->
